This is XeTeX, Version 3.14159265-2.6-0.999992 (MiKTeX 20.7) (preloaded format=xelatex 2020.10.24)  26 OCT 2020 10:09
entering extended mode
**./Chapter7.tex
(Chapter7.tex
LaTeX2e <2020-02-02> patch level 5
L3 programming layer <2020-09-03>
(C:\Users\Dell\AppData\Roaming\MiKTeX\2.9\tex/latex/ctex\ctexbeamer.cls
(C:\Users\Dell\AppData\Roaming\MiKTeX\2.9\tex/latex/ctex/config\ctexbackend.cfg
File: ctexbackend.cfg 2020/08/23 v2.5.4 Backend configuration file (CTEX)
) (C:\Users\Dell\AppData\Roaming\MiKTeX\2.9\tex/latex/l3kernel\expl3.sty
Package: expl3 2020-09-03 L3 programming layer (loader) 

("C:\Program Files\MiKTeX 2.9\tex/latex/l3backend\l3backend-xetex.def"
File: l3backend-xetex.def 2020-09-01 L3 backend support: XeTeX
\g__graphics_track_int=\count164
\l__pdf_internal_box=\box45
\g__pdf_backend_object_int=\count165
\g__pdf_backend_annotation_int=\count166
))
Document Class: ctexbeamer 2020/08/23 v2.5.4 Chinese adapter for class beamer (
CTEX)

(C:\Users\Dell\AppData\Roaming\MiKTeX\2.9\tex/latex/l3packages/xparse\xparse.st
y
Package: xparse 2020-05-15 L3 Experimental document command parser

(C:\Users\Dell\AppData\Roaming\MiKTeX\2.9\tex/latex/l3packages/xparse\xparse-ge
neric.tex
\l__xparse_current_arg_int=\count167
\g__xparse_grabber_int=\count168
\l__xparse_m_args_int=\count169
\l__xparse_v_nesting_int=\count170
))
(C:\Users\Dell\AppData\Roaming\MiKTeX\2.9\tex/latex/l3packages/l3keys2e\l3keys2
e.sty
Package: l3keys2e 2020-05-15 LaTeX2e option processing using LaTeX3 keys
) (C:\Users\Dell\AppData\Roaming\MiKTeX\2.9\tex/latex/ctex\ctexhook.sty
Package: ctexhook 2020/08/23 v2.5.4 Document and package hooks (CTEX)
)
(C:\Users\Dell\AppData\Roaming\MiKTeX\2.9\tex/latex/ctex\ctexpatch.sty
Package: ctexpatch 2020/08/23 v2.5.4 Patching commands (CTEX)
)
("C:\Program Files\MiKTeX 2.9\tex/latex/base\fix-cm.sty"
Package: fix-cm 2015/01/14 v1.1t fixes to LaTeX

("C:\Program Files\MiKTeX 2.9\tex/latex/base\ts1enc.def"
File: ts1enc.def 2001/06/05 v3.0e (jk/car/fm) Standard LaTeX file
LaTeX Font Info:    Redeclaring font encoding TS1 on input line 47.
))
(C:\Users\Dell\AppData\Roaming\MiKTeX\2.9\tex/latex/ms\everysel.sty
Package: everysel 2011/10/28 v1.2 EverySelectfont Package (MS)
)
\l__ctex_tmp_int=\count171
\l__ctex_tmp_box=\box46
\l__ctex_tmp_dim=\dimen134
\g__ctex_font_size_int=\count172

(C:\Users\Dell\AppData\Roaming\MiKTeX\2.9\tex/latex/ctex/config\ctexopts.cfg
File: ctexopts.cfg 2020/08/23 v2.5.4 Option configuration file (CTEX)
)
(C:\Users\Dell\AppData\Roaming\MiKTeX\2.9\tex/latex/beamer\beamer.cls
Document Class: beamer 2020/07/22 v3.59 A class for typesetting presentations
(C:\Users\Dell\AppData\Roaming\MiKTeX\2.9\tex/latex/beamer\beamerbasemodes.sty
(C:\Users\Dell\AppData\Roaming\MiKTeX\2.9\tex/latex/etoolbox\etoolbox.sty
Package: etoolbox 2020/08/24 v2.5j e-TeX tools for LaTeX (JAW)
\etb@tempcnta=\count173
)
\beamer@tempbox=\box47
\beamer@tempcount=\count174
\c@beamerpauses=\count175

(C:\Users\Dell\AppData\Roaming\MiKTeX\2.9\tex/latex/beamer\beamerbasedecode.sty
\beamer@slideinframe=\count176
\beamer@minimum=\count177
\beamer@decode@box=\box48
)
\beamer@commentbox=\box49
\beamer@modecount=\count178
) (C:\Users\Dell\AppData\Roaming\MiKTeX\2.9\tex/generic/iftex\ifpdf.sty
Package: ifpdf 2019/10/25 v3.4 ifpdf legacy package. Use iftex instead.

(C:\Users\Dell\AppData\Roaming\MiKTeX\2.9\tex/generic/iftex\iftex.sty
Package: iftex 2020/03/06 v1.0d TeX engine tests
))
\headdp=\dimen135
\footheight=\dimen136
\sidebarheight=\dimen137
\beamer@tempdim=\dimen138
\beamer@finalheight=\dimen139
\beamer@animht=\dimen140
\beamer@animdp=\dimen141
\beamer@animwd=\dimen142
\beamer@leftmargin=\dimen143
\beamer@rightmargin=\dimen144
\beamer@leftsidebar=\dimen145
\beamer@rightsidebar=\dimen146
\beamer@boxsize=\dimen147
\beamer@vboxoffset=\dimen148
\beamer@descdefault=\dimen149
\beamer@descriptionwidth=\dimen150
\beamer@lastskip=\skip47
\beamer@areabox=\box50
\beamer@animcurrent=\box51
\beamer@animshowbox=\box52
\beamer@sectionbox=\box53
\beamer@logobox=\box54
\beamer@linebox=\box55
\beamer@sectioncount=\count179
\beamer@subsubsectionmax=\count180
\beamer@subsectionmax=\count181
\beamer@sectionmax=\count182
\beamer@totalheads=\count183
\beamer@headcounter=\count184
\beamer@partstartpage=\count185
\beamer@sectionstartpage=\count186
\beamer@subsectionstartpage=\count187
\beamer@animationtempa=\count188
\beamer@animationtempb=\count189
\beamer@xpos=\count190
\beamer@ypos=\count191
\beamer@ypos@offset=\count192
\beamer@showpartnumber=\count193
\beamer@currentsubsection=\count194
\beamer@coveringdepth=\count195
\beamer@sectionadjust=\count196
\beamer@tocsectionnumber=\count197

(C:\Users\Dell\AppData\Roaming\MiKTeX\2.9\tex/latex/beamer\beamerbaseoptions.st
y ("C:\Program Files\MiKTeX 2.9\tex/latex/graphics\keyval.sty"
Package: keyval 2014/10/28 v1.15 key=value parser (DPC)
\KV@toks@=\toks15
))
\beamer@paperwidth=\skip48
\beamer@paperheight=\skip49

("C:\Program Files\MiKTeX 2.9\tex/latex/geometry\geometry.sty"
Package: geometry 2020/01/02 v5.9 Page Geometry

(C:\Users\Dell\AppData\Roaming\MiKTeX\2.9\tex/generic/iftex\ifvtex.sty
Package: ifvtex 2019/10/25 v1.7 ifvtex legacy package. Use iftex instead.
)
\Gm@cnth=\count198
\Gm@cntv=\count199
\c@Gm@tempcnt=\count266
\Gm@bindingoffset=\dimen151
\Gm@wd@mp=\dimen152
\Gm@odd@mp=\dimen153
\Gm@even@mp=\dimen154
\Gm@layoutwidth=\dimen155
\Gm@layoutheight=\dimen156
\Gm@layouthoffset=\dimen157
\Gm@layoutvoffset=\dimen158
\Gm@dimlist=\toks16

("C:\Program Files\MiKTeX 2.9\tex/xelatex/xetexconfig\geometry.cfg"))
("C:\Program Files\MiKTeX 2.9\tex/latex/base\size10.clo"
File: size10.clo 2019/12/20 v1.4l Standard LaTeX file (size option)
)
(C:\Users\Dell\AppData\Roaming\MiKTeX\2.9\tex/latex/pgf/basiclayer\pgfcore.sty
("C:\Program Files\MiKTeX 2.9\tex/latex/graphics\graphicx.sty"
Package: graphicx 2019/11/30 v1.2a Enhanced LaTeX Graphics (DPC,SPQR)

("C:\Program Files\MiKTeX 2.9\tex/latex/graphics\graphics.sty"
Package: graphics 2019/11/30 v1.4a Standard LaTeX Graphics (DPC,SPQR)

("C:\Program Files\MiKTeX 2.9\tex/latex/graphics\trig.sty"
Package: trig 2016/01/03 v1.10 sin cos tan (DPC)
)
("C:\Program Files\MiKTeX 2.9\tex/latex/graphics-cfg\graphics.cfg"
File: graphics.cfg 2016/06/04 v1.11 sample graphics configuration
)
Package graphics Info: Driver file: xetex.def on input line 105.

("C:\Program Files\MiKTeX 2.9\tex/latex/graphics-def\xetex.def"
File: xetex.def 2020/08/26 v5.0i Graphics/color driver for xetex
))
\Gin@req@height=\dimen159
\Gin@req@width=\dimen160
)
(C:\Users\Dell\AppData\Roaming\MiKTeX\2.9\tex/latex/pgf/systemlayer\pgfsys.sty
(C:\Users\Dell\AppData\Roaming\MiKTeX\2.9\tex/latex/pgf/utilities\pgfrcs.sty
(C:\Users\Dell\AppData\Roaming\MiKTeX\2.9\tex/generic/pgf/utilities\pgfutil-com
mon.tex
\pgfutil@everybye=\toks17
\pgfutil@tempdima=\dimen161
\pgfutil@tempdimb=\dimen162

(C:\Users\Dell\AppData\Roaming\MiKTeX\2.9\tex/generic/pgf/utilities\pgfutil-com
mon-lists.tex))
(C:\Users\Dell\AppData\Roaming\MiKTeX\2.9\tex/generic/pgf/utilities\pgfutil-lat
ex.def
\pgfutil@abb=\box56
 (C:\Users\Dell\AppData\Roaming\MiKTeX\2.9\tex/latex/ms\everyshi.sty
Package: everyshi 2001/05/15 v3.00 EveryShipout Package (MS)
))
(C:\Users\Dell\AppData\Roaming\MiKTeX\2.9\tex/generic/pgf/utilities\pgfrcs.code
.tex (C:\Users\Dell\AppData\Roaming\MiKTeX\2.9\tex/generic/pgf\pgf.revision.tex
)
Package: pgfrcs 2020/01/08 v3.1.5b (3.1.5b)
))
(C:\Users\Dell\AppData\Roaming\MiKTeX\2.9\tex/generic/pgf/systemlayer\pgfsys.co
de.tex
Package: pgfsys 2020/01/08 v3.1.5b (3.1.5b)

(C:\Users\Dell\AppData\Roaming\MiKTeX\2.9\tex/generic/pgf/utilities\pgfkeys.cod
e.tex
\pgfkeys@pathtoks=\toks18
\pgfkeys@temptoks=\toks19

(C:\Users\Dell\AppData\Roaming\MiKTeX\2.9\tex/generic/pgf/utilities\pgfkeysfilt
ered.code.tex
\pgfkeys@tmptoks=\toks20
))
\pgf@x=\dimen163
\pgf@y=\dimen164
\pgf@xa=\dimen165
\pgf@ya=\dimen166
\pgf@xb=\dimen167
\pgf@yb=\dimen168
\pgf@xc=\dimen169
\pgf@yc=\dimen170
\pgf@xd=\dimen171
\pgf@yd=\dimen172
\w@pgf@writea=\write3
\r@pgf@reada=\read2
\c@pgf@counta=\count267
\c@pgf@countb=\count268
\c@pgf@countc=\count269
\c@pgf@countd=\count270
\t@pgf@toka=\toks21
\t@pgf@tokb=\toks22
\t@pgf@tokc=\toks23
\pgf@sys@id@count=\count271

(C:\Users\Dell\AppData\Roaming\MiKTeX\2.9\tex/generic/pgf/systemlayer\pgf.cfg
File: pgf.cfg 2020/01/08 v3.1.5b (3.1.5b)
)
Driver file for pgf: pgfsys-xetex.def

(C:\Users\Dell\AppData\Roaming\MiKTeX\2.9\tex/generic/pgf/systemlayer\pgfsys-xe
tex.def
File: pgfsys-xetex.def 2020/01/08 v3.1.5b (3.1.5b)

(C:\Users\Dell\AppData\Roaming\MiKTeX\2.9\tex/generic/pgf/systemlayer\pgfsys-dv
ipdfmx.def
File: pgfsys-dvipdfmx.def 2020/01/08 v3.1.5b (3.1.5b)

(C:\Users\Dell\AppData\Roaming\MiKTeX\2.9\tex/generic/pgf/systemlayer\pgfsys-co
mmon-pdf.def
File: pgfsys-common-pdf.def 2020/01/08 v3.1.5b (3.1.5b)
)
\pgfsys@objnum=\count272
)))
(C:\Users\Dell\AppData\Roaming\MiKTeX\2.9\tex/generic/pgf/systemlayer\pgfsyssof
tpath.code.tex
File: pgfsyssoftpath.code.tex 2020/01/08 v3.1.5b (3.1.5b)
\pgfsyssoftpath@smallbuffer@items=\count273
\pgfsyssoftpath@bigbuffer@items=\count274
)
(C:\Users\Dell\AppData\Roaming\MiKTeX\2.9\tex/generic/pgf/systemlayer\pgfsyspro
tocol.code.tex
File: pgfsysprotocol.code.tex 2020/01/08 v3.1.5b (3.1.5b)
))
(C:\Users\Dell\AppData\Roaming\MiKTeX\2.9\tex/latex/xcolor\xcolor.sty
Package: xcolor 2016/05/11 v2.12 LaTeX color extensions (UK)

("C:\Program Files\MiKTeX 2.9\tex/latex/graphics-cfg\color.cfg"
File: color.cfg 2016/01/02 v1.6 sample color configuration
)
Package xcolor Info: Driver file: xetex.def on input line 225.
Package xcolor Info: Model `cmy' substituted by `cmy0' on input line 1348.
Package xcolor Info: Model `RGB' extended on input line 1364.
Package xcolor Info: Model `HTML' substituted by `rgb' on input line 1366.
Package xcolor Info: Model `Hsb' substituted by `hsb' on input line 1367.
Package xcolor Info: Model `tHsb' substituted by `hsb' on input line 1368.
Package xcolor Info: Model `HSB' substituted by `hsb' on input line 1369.
Package xcolor Info: Model `Gray' substituted by `gray' on input line 1370.
Package xcolor Info: Model `wave' substituted by `hsb' on input line 1371.
)
(C:\Users\Dell\AppData\Roaming\MiKTeX\2.9\tex/generic/pgf/basiclayer\pgfcore.co
de.tex
Package: pgfcore 2020/01/08 v3.1.5b (3.1.5b)

(C:\Users\Dell\AppData\Roaming\MiKTeX\2.9\tex/generic/pgf/math\pgfmath.code.tex

(C:\Users\Dell\AppData\Roaming\MiKTeX\2.9\tex/generic/pgf/math\pgfmathcalc.code
.tex
(C:\Users\Dell\AppData\Roaming\MiKTeX\2.9\tex/generic/pgf/math\pgfmathutil.code
.tex)
(C:\Users\Dell\AppData\Roaming\MiKTeX\2.9\tex/generic/pgf/math\pgfmathparser.co
de.tex
\pgfmath@dimen=\dimen173
\pgfmath@count=\count275
\pgfmath@box=\box57
\pgfmath@toks=\toks24
\pgfmath@stack@operand=\toks25
\pgfmath@stack@operation=\toks26
)
(C:\Users\Dell\AppData\Roaming\MiKTeX\2.9\tex/generic/pgf/math\pgfmathfunctions
.code.tex
(C:\Users\Dell\AppData\Roaming\MiKTeX\2.9\tex/generic/pgf/math\pgfmathfunctions
.basic.code.tex)
(C:\Users\Dell\AppData\Roaming\MiKTeX\2.9\tex/generic/pgf/math\pgfmathfunctions
.trigonometric.code.tex)
(C:\Users\Dell\AppData\Roaming\MiKTeX\2.9\tex/generic/pgf/math\pgfmathfunctions
.random.code.tex)
(C:\Users\Dell\AppData\Roaming\MiKTeX\2.9\tex/generic/pgf/math\pgfmathfunctions
.comparison.code.tex)
(C:\Users\Dell\AppData\Roaming\MiKTeX\2.9\tex/generic/pgf/math\pgfmathfunctions
.base.code.tex)
(C:\Users\Dell\AppData\Roaming\MiKTeX\2.9\tex/generic/pgf/math\pgfmathfunctions
.round.code.tex)
(C:\Users\Dell\AppData\Roaming\MiKTeX\2.9\tex/generic/pgf/math\pgfmathfunctions
.misc.code.tex)
(C:\Users\Dell\AppData\Roaming\MiKTeX\2.9\tex/generic/pgf/math\pgfmathfunctions
.integerarithmetics.code.tex)))
(C:\Users\Dell\AppData\Roaming\MiKTeX\2.9\tex/generic/pgf/math\pgfmathfloat.cod
e.tex
\c@pgfmathroundto@lastzeros=\count276
))
(C:\Users\Dell\AppData\Roaming\MiKTeX\2.9\tex/generic/pgf/math\pgfint.code.tex)

(C:\Users\Dell\AppData\Roaming\MiKTeX\2.9\tex/generic/pgf/basiclayer\pgfcorepoi
nts.code.tex
File: pgfcorepoints.code.tex 2020/01/08 v3.1.5b (3.1.5b)
\pgf@picminx=\dimen174
\pgf@picmaxx=\dimen175
\pgf@picminy=\dimen176
\pgf@picmaxy=\dimen177
\pgf@pathminx=\dimen178
\pgf@pathmaxx=\dimen179
\pgf@pathminy=\dimen180
\pgf@pathmaxy=\dimen181
\pgf@xx=\dimen182
\pgf@xy=\dimen183
\pgf@yx=\dimen184
\pgf@yy=\dimen185
\pgf@zx=\dimen186
\pgf@zy=\dimen187
)
(C:\Users\Dell\AppData\Roaming\MiKTeX\2.9\tex/generic/pgf/basiclayer\pgfcorepat
hconstruct.code.tex
File: pgfcorepathconstruct.code.tex 2020/01/08 v3.1.5b (3.1.5b)
\pgf@path@lastx=\dimen188
\pgf@path@lasty=\dimen189
)
(C:\Users\Dell\AppData\Roaming\MiKTeX\2.9\tex/generic/pgf/basiclayer\pgfcorepat
husage.code.tex
File: pgfcorepathusage.code.tex 2020/01/08 v3.1.5b (3.1.5b)
\pgf@shorten@end@additional=\dimen190
\pgf@shorten@start@additional=\dimen191
)
(C:\Users\Dell\AppData\Roaming\MiKTeX\2.9\tex/generic/pgf/basiclayer\pgfcoresco
pes.code.tex
File: pgfcorescopes.code.tex 2020/01/08 v3.1.5b (3.1.5b)
\pgfpic=\box58
\pgf@hbox=\box59
\pgf@layerbox@main=\box60
\pgf@picture@serial@count=\count277
)
(C:\Users\Dell\AppData\Roaming\MiKTeX\2.9\tex/generic/pgf/basiclayer\pgfcoregra
phicstate.code.tex
File: pgfcoregraphicstate.code.tex 2020/01/08 v3.1.5b (3.1.5b)
\pgflinewidth=\dimen192
)
(C:\Users\Dell\AppData\Roaming\MiKTeX\2.9\tex/generic/pgf/basiclayer\pgfcoretra
nsformations.code.tex
File: pgfcoretransformations.code.tex 2020/01/08 v3.1.5b (3.1.5b)
\pgf@pt@x=\dimen193
\pgf@pt@y=\dimen194
\pgf@pt@temp=\dimen195
)
(C:\Users\Dell\AppData\Roaming\MiKTeX\2.9\tex/generic/pgf/basiclayer\pgfcorequi
ck.code.tex
File: pgfcorequick.code.tex 2020/01/08 v3.1.5b (3.1.5b)
)
(C:\Users\Dell\AppData\Roaming\MiKTeX\2.9\tex/generic/pgf/basiclayer\pgfcoreobj
ects.code.tex
File: pgfcoreobjects.code.tex 2020/01/08 v3.1.5b (3.1.5b)
)
(C:\Users\Dell\AppData\Roaming\MiKTeX\2.9\tex/generic/pgf/basiclayer\pgfcorepat
hprocessing.code.tex
File: pgfcorepathprocessing.code.tex 2020/01/08 v3.1.5b (3.1.5b)
)
(C:\Users\Dell\AppData\Roaming\MiKTeX\2.9\tex/generic/pgf/basiclayer\pgfcorearr
ows.code.tex
File: pgfcorearrows.code.tex 2020/01/08 v3.1.5b (3.1.5b)
\pgfarrowsep=\dimen196
)
(C:\Users\Dell\AppData\Roaming\MiKTeX\2.9\tex/generic/pgf/basiclayer\pgfcoresha
de.code.tex
File: pgfcoreshade.code.tex 2020/01/08 v3.1.5b (3.1.5b)
\pgf@max=\dimen197
\pgf@sys@shading@range@num=\count278
\pgf@shadingcount=\count279
)
(C:\Users\Dell\AppData\Roaming\MiKTeX\2.9\tex/generic/pgf/basiclayer\pgfcoreima
ge.code.tex
File: pgfcoreimage.code.tex 2020/01/08 v3.1.5b (3.1.5b)

(C:\Users\Dell\AppData\Roaming\MiKTeX\2.9\tex/generic/pgf/basiclayer\pgfcoreext
ernal.code.tex
File: pgfcoreexternal.code.tex 2020/01/08 v3.1.5b (3.1.5b)
\pgfexternal@startupbox=\box61
))
(C:\Users\Dell\AppData\Roaming\MiKTeX\2.9\tex/generic/pgf/basiclayer\pgfcorelay
ers.code.tex
File: pgfcorelayers.code.tex 2020/01/08 v3.1.5b (3.1.5b)
)
(C:\Users\Dell\AppData\Roaming\MiKTeX\2.9\tex/generic/pgf/basiclayer\pgfcoretra
nsparency.code.tex
File: pgfcoretransparency.code.tex 2020/01/08 v3.1.5b (3.1.5b)
)
(C:\Users\Dell\AppData\Roaming\MiKTeX\2.9\tex/generic/pgf/basiclayer\pgfcorepat
terns.code.tex
File: pgfcorepatterns.code.tex 2020/01/08 v3.1.5b (3.1.5b)
)
(C:\Users\Dell\AppData\Roaming\MiKTeX\2.9\tex/generic/pgf/basiclayer\pgfcorerdf
.code.tex
File: pgfcorerdf.code.tex 2020/01/08 v3.1.5b (3.1.5b)
)))
(C:\Users\Dell\AppData\Roaming\MiKTeX\2.9\tex/latex/pgf/utilities\xxcolor.sty
Package: xxcolor 2003/10/24 ver 0.1
\XC@nummixins=\count280
\XC@countmixins=\count281
)
(C:\Users\Dell\AppData\Roaming\MiKTeX\2.9\tex/generic/atbegshi\atbegshi.sty
Package: atbegshi 2019/12/05 v1.19 At begin shipout hook (HO)

(C:\Users\Dell\AppData\Roaming\MiKTeX\2.9\tex/generic/infwarerr\infwarerr.sty
Package: infwarerr 2019/12/03 v1.5 Providing info/warning/error messages (HO)
)
(C:\Users\Dell\AppData\Roaming\MiKTeX\2.9\tex/generic/ltxcmds\ltxcmds.sty
Package: ltxcmds 2019/12/15 v1.24 LaTeX kernel commands for general use (HO)
))
("C:\Program Files\MiKTeX 2.9\tex/latex/hyperref\hyperref.sty"
Package: hyperref 2020-05-15 v7.00e Hypertext links for LaTeX

(C:\Users\Dell\AppData\Roaming\MiKTeX\2.9\tex/generic/pdftexcmds\pdftexcmds.sty
Package: pdftexcmds 2020-06-27 v0.33 Utility functions of pdfTeX for LuaTeX (HO
)
Package pdftexcmds Info: \pdf@primitive is available.
Package pdftexcmds Info: \pdf@ifprimitive is available.
Package pdftexcmds Info: \pdfdraftmode not found.
) (C:\Users\Dell\AppData\Roaming\MiKTeX\2.9\tex/generic/kvsetkeys\kvsetkeys.sty
Package: kvsetkeys 2019/12/15 v1.18 Key value parser (HO)
)
(C:\Users\Dell\AppData\Roaming\MiKTeX\2.9\tex/generic/kvdefinekeys\kvdefinekeys
.sty
Package: kvdefinekeys 2019-12-19 v1.6 Define keys (HO)
)
(C:\Users\Dell\AppData\Roaming\MiKTeX\2.9\tex/generic/pdfescape\pdfescape.sty
Package: pdfescape 2019/12/09 v1.15 Implements pdfTeX's escape features (HO)
)
(C:\Users\Dell\AppData\Roaming\MiKTeX\2.9\tex/latex/hycolor\hycolor.sty
Package: hycolor 2020-01-27 v1.10 Color options for hyperref/bookmark (HO)
)
(C:\Users\Dell\AppData\Roaming\MiKTeX\2.9\tex/latex/letltxmacro\letltxmacro.sty
Package: letltxmacro 2019/12/03 v1.6 Let assignment for LaTeX macros (HO)
) (C:\Users\Dell\AppData\Roaming\MiKTeX\2.9\tex/latex/auxhook\auxhook.sty
Package: auxhook 2019-12-17 v1.6 Hooks for auxiliary files (HO)
)
(C:\Users\Dell\AppData\Roaming\MiKTeX\2.9\tex/latex/kvoptions\kvoptions.sty
Package: kvoptions 2019/11/29 v3.13 Key value format for package options (HO)
)
\@linkdim=\dimen198
\Hy@linkcounter=\count282
\Hy@pagecounter=\count283

("C:\Program Files\MiKTeX 2.9\tex/latex/hyperref\pd1enc.def"
File: pd1enc.def 2020-05-15 v7.00e Hyperref: PDFDocEncoding definition (HO)
)
(C:\Users\Dell\AppData\Roaming\MiKTeX\2.9\tex/generic/intcalc\intcalc.sty
Package: intcalc 2019/12/15 v1.3 Expandable calculations with integers (HO)
)
(C:\Users\Dell\AppData\Roaming\MiKTeX\2.9\tex/generic/etexcmds\etexcmds.sty
Package: etexcmds 2019/12/15 v1.7 Avoid name clashes with e-TeX commands (HO)
)
\Hy@SavedSpaceFactor=\count284
Package hyperref Info: Option `bookmarks' set `true' on input line 4338.
Package hyperref Info: Option `bookmarksopen' set `true' on input line 4338.
Package hyperref Info: Option `implicit' set `false' on input line 4338.
Package hyperref Info: Hyper figures OFF on input line 4464.
Package hyperref Info: Link nesting OFF on input line 4469.
Package hyperref Info: Hyper index ON on input line 4472.
Package hyperref Info: Plain pages OFF on input line 4479.
Package hyperref Info: Backreferencing OFF on input line 4484.
Package hyperref Info: Implicit mode OFF; no redefinition of LaTeX internals.
Package hyperref Info: Bookmarks ON on input line 4717.
\c@Hy@tempcnt=\count285

(C:\Users\Dell\AppData\Roaming\MiKTeX\2.9\tex/latex/url\url.sty
\Urlmuskip=\muskip16
Package: url 2013/09/16  ver 3.4  Verb mode for urls, etc.
)
LaTeX Info: Redefining \url on input line 5076.
\XeTeXLinkMargin=\dimen199

(C:\Users\Dell\AppData\Roaming\MiKTeX\2.9\tex/generic/bitset\bitset.sty
Package: bitset 2019/12/09 v1.3 Handle bit-vector datatype (HO)

(C:\Users\Dell\AppData\Roaming\MiKTeX\2.9\tex/generic/bigintcalc\bigintcalc.sty
Package: bigintcalc 2019/12/15 v1.5 Expandable calculations on big integers (HO
)
))
\Fld@menulength=\count286
\Field@Width=\dimen256
\Fld@charsize=\dimen257
Package hyperref Info: Hyper figures OFF on input line 6347.
Package hyperref Info: Link nesting OFF on input line 6352.
Package hyperref Info: Hyper index ON on input line 6355.
Package hyperref Info: backreferencing OFF on input line 6362.
Package hyperref Info: Link coloring OFF on input line 6367.
Package hyperref Info: Link coloring with OCG OFF on input line 6372.
Package hyperref Info: PDF/A mode OFF on input line 6377.
LaTeX Info: Redefining \ref on input line 6417.
LaTeX Info: Redefining \pageref on input line 6421.
\Hy@abspage=\count287


Package hyperref Message: Stopped early.

)
Package hyperref Info: Driver (autodetected): hxetex.
 ("C:\Program Files\MiKTeX 2.9\tex/latex/hyperref\hxetex.def"
File: hxetex.def 2020-05-15 v7.00e Hyperref driver for XeTeX

("C:\Program Files\MiKTeX 2.9\tex/latex/hyperref\puenc.def"
File: puenc.def 2020-05-15 v7.00e Hyperref: PDF Unicode definition (HO)
)
(C:\Users\Dell\AppData\Roaming\MiKTeX\2.9\tex/generic/stringenc\stringenc.sty
Package: stringenc 2019/11/29 v1.12 Convert strings between diff. encodings (HO
)
)
\pdfm@box=\box62
\c@Hy@AnnotLevel=\count288
\HyField@AnnotCount=\count289
\Fld@listcount=\count290
\c@bookmark@seq@number=\count291

(C:\Users\Dell\AppData\Roaming\MiKTeX\2.9\tex/latex/rerunfilecheck\rerunfileche
ck.sty
Package: rerunfilecheck 2019/12/05 v1.9 Rerun checks for auxiliary files (HO)

(C:\Users\Dell\AppData\Roaming\MiKTeX\2.9\tex/latex/atveryend\atveryend.sty
Package: atveryend 2019-12-11 v1.11 Hooks at the very end of document (HO)
)
(C:\Users\Dell\AppData\Roaming\MiKTeX\2.9\tex/generic/uniquecounter\uniquecount
er.sty
Package: uniquecounter 2019/12/15 v1.4 Provide unlimited unique counter (HO)
)
Package uniquecounter Info: New unique counter `rerunfilecheck' on input line 2
86.
))
(C:\Users\Dell\AppData\Roaming\MiKTeX\2.9\tex/generic/stringenc\se-ascii-print.
def
File: se-ascii-print.def 2019/11/29 v1.12 stringenc: Printable ASCII characters

)
(C:\Users\Dell\AppData\Roaming\MiKTeX\2.9\tex/latex/beamer\beamerbaserequires.s
ty
(C:\Users\Dell\AppData\Roaming\MiKTeX\2.9\tex/latex/beamer\beamerbasecompatibil
ity.sty)
(C:\Users\Dell\AppData\Roaming\MiKTeX\2.9\tex/latex/beamer\beamerbasefont.sty
("C:\Program Files\MiKTeX 2.9\tex/latex/amsfonts\amssymb.sty"
Package: amssymb 2013/01/14 v3.01 AMS font symbols

("C:\Program Files\MiKTeX 2.9\tex/latex/amsfonts\amsfonts.sty"
Package: amsfonts 2013/01/14 v3.01 Basic AMSFonts support
\@emptytoks=\toks27
\symAMSa=\mathgroup4
\symAMSb=\mathgroup5
LaTeX Font Info:    Redeclaring math symbol \hbar on input line 98.
LaTeX Font Info:    Overwriting math alphabet `\mathfrak' in version `bold'
(Font)                  U/euf/m/n --> U/euf/b/n on input line 106.
))
(C:\Users\Dell\AppData\Roaming\MiKTeX\2.9\tex/latex/sansmathaccent\sansmathacce
nt.sty
Package: sansmathaccent 2020/01/31

(C:\Users\Dell\AppData\Roaming\MiKTeX\2.9\tex/latex/koma-script\scrlfile.sty
Package: scrlfile 2020/09/21 v3.32 KOMA-Script package (file load hooks)

(C:\Users\Dell\AppData\Roaming\MiKTeX\2.9\tex/latex/koma-script\scrlfile-patcho
ldlatex.sty
Package: scrlfile-patcholdlatex 2020/09/21 v3.32 KOMA-Script package (patching 
old LaTeX kernels)

(C:\Users\Dell\AppData\Roaming\MiKTeX\2.9\tex/latex/koma-script\scrlogo.sty
Package: scrlogo 2020/09/21 v3.32 KOMA-Script package (logo)
)))))
(C:\Users\Dell\AppData\Roaming\MiKTeX\2.9\tex/latex/beamer\beamerbasetranslator
.sty
(C:\Users\Dell\AppData\Roaming\MiKTeX\2.9\tex/latex/translator\translator.sty
Package: translator 2020-08-03 v1.12c Easy translation of strings in LaTeX
)) (C:\Users\Dell\AppData\Roaming\MiKTeX\2.9\tex/latex/beamer\beamerbasemisc.st
y)
(C:\Users\Dell\AppData\Roaming\MiKTeX\2.9\tex/latex/beamer\beamerbasetwoscreens
.sty)
(C:\Users\Dell\AppData\Roaming\MiKTeX\2.9\tex/latex/beamer\beamerbaseoverlay.st
y
\beamer@argscount=\count292
\beamer@lastskipcover=\skip50
\beamer@trivlistdepth=\count293
)
(C:\Users\Dell\AppData\Roaming\MiKTeX\2.9\tex/latex/beamer\beamerbasetitle.sty)

(C:\Users\Dell\AppData\Roaming\MiKTeX\2.9\tex/latex/beamer\beamerbasesection.st
y
\c@lecture=\count294
\c@part=\count295
\c@section=\count296
\c@subsection=\count297
\c@subsubsection=\count298
)
(C:\Users\Dell\AppData\Roaming\MiKTeX\2.9\tex/latex/beamer\beamerbaseframe.sty
\beamer@framebox=\box63
\beamer@frametitlebox=\box64
\beamer@zoombox=\box65
\beamer@zoomcount=\count299
\beamer@zoomframecount=\count300
\beamer@frametextheight=\dimen258
\c@subsectionslide=\count301
\beamer@frametopskip=\skip51
\beamer@framebottomskip=\skip52
\beamer@frametopskipautobreak=\skip53
\beamer@framebottomskipautobreak=\skip54
\beamer@envbody=\toks28
\framewidth=\dimen259
\c@framenumber=\count302
)
(C:\Users\Dell\AppData\Roaming\MiKTeX\2.9\tex/latex/beamer\beamerbaseverbatim.s
ty
\beamer@verbatimfileout=\write4
)
(C:\Users\Dell\AppData\Roaming\MiKTeX\2.9\tex/latex/beamer\beamerbaseframesize.
sty
\beamer@splitbox=\box66
\beamer@autobreakcount=\count303
\beamer@autobreaklastheight=\dimen260
\beamer@frametitletoks=\toks29
\beamer@framesubtitletoks=\toks30
)
(C:\Users\Dell\AppData\Roaming\MiKTeX\2.9\tex/latex/beamer\beamerbaseframecompo
nents.sty
\beamer@footins=\box67
)
(C:\Users\Dell\AppData\Roaming\MiKTeX\2.9\tex/latex/beamer\beamerbasecolor.sty)
(C:\Users\Dell\AppData\Roaming\MiKTeX\2.9\tex/latex/beamer\beamerbasenotes.sty
\beamer@frameboxcopy=\box68
) (C:\Users\Dell\AppData\Roaming\MiKTeX\2.9\tex/latex/beamer\beamerbasetoc.sty)

(C:\Users\Dell\AppData\Roaming\MiKTeX\2.9\tex/latex/beamer\beamerbasetemplates.
sty
\beamer@sbttoks=\toks31

(C:\Users\Dell\AppData\Roaming\MiKTeX\2.9\tex/latex/beamer\beamerbaseauxtemplat
es.sty
(C:\Users\Dell\AppData\Roaming\MiKTeX\2.9\tex/latex/beamer\beamerbaseboxes.sty
\bmb@box=\box69
\bmb@colorbox=\box70
\bmb@boxshadow=\box71
\bmb@boxshadowball=\box72
\bmb@boxshadowballlarge=\box73
\bmb@temp=\dimen261
\bmb@dima=\dimen262
\bmb@dimb=\dimen263
\bmb@prevheight=\dimen264
)
\beamer@blockheadheight=\dimen265
))
(C:\Users\Dell\AppData\Roaming\MiKTeX\2.9\tex/latex/beamer\beamerbaselocalstruc
ture.sty ("C:\Program Files\MiKTeX 2.9\tex/latex/tools\enumerate.sty"
Package: enumerate 2015/07/23 v3.00 enumerate extensions (DPC)
\@enLab=\toks32
)
\c@figure=\count304
\c@table=\count305
\abovecaptionskip=\skip55
\belowcaptionskip=\skip56
)
(C:\Users\Dell\AppData\Roaming\MiKTeX\2.9\tex/latex/beamer\beamerbasenavigation
.sty
\beamer@section@min@dim=\dimen266
)
(C:\Users\Dell\AppData\Roaming\MiKTeX\2.9\tex/latex/beamer\beamerbasetheorems.s
ty ("C:\Program Files\MiKTeX 2.9\tex/latex/amsmath\amsmath.sty"
Package: amsmath 2020/01/20 v2.17e AMS math features
\@mathmargin=\skip57

For additional information on amsmath, use the `?' option.
("C:\Program Files\MiKTeX 2.9\tex/latex/amsmath\amstext.sty"
Package: amstext 2000/06/29 v2.01 AMS text

("C:\Program Files\MiKTeX 2.9\tex/latex/amsmath\amsgen.sty"
File: amsgen.sty 1999/11/30 v2.0 generic functions
\@emptytoks=\toks33
\ex@=\dimen267
))
("C:\Program Files\MiKTeX 2.9\tex/latex/amsmath\amsbsy.sty"
Package: amsbsy 1999/11/29 v1.2d Bold Symbols
\pmbraise@=\dimen268
)
("C:\Program Files\MiKTeX 2.9\tex/latex/amsmath\amsopn.sty"
Package: amsopn 2016/03/08 v2.02 operator names
)
\inf@bad=\count306
LaTeX Info: Redefining \frac on input line 227.
\uproot@=\count307
\leftroot@=\count308
LaTeX Info: Redefining \overline on input line 389.
\classnum@=\count309
\DOTSCASE@=\count310
LaTeX Info: Redefining \ldots on input line 486.
LaTeX Info: Redefining \dots on input line 489.
LaTeX Info: Redefining \cdots on input line 610.
\Mathstrutbox@=\box74
\strutbox@=\box75
\big@size=\dimen269
LaTeX Font Info:    Redeclaring font encoding OML on input line 733.
LaTeX Font Info:    Redeclaring font encoding OMS on input line 734.
\macc@depth=\count311
\c@MaxMatrixCols=\count312
\dotsspace@=\muskip17
\c@parentequation=\count313
\dspbrk@lvl=\count314
\tag@help=\toks34
\row@=\count315
\column@=\count316
\maxfields@=\count317
\andhelp@=\toks35
\eqnshift@=\dimen270
\alignsep@=\dimen271
\tagshift@=\dimen272
\tagwidth@=\dimen273
\totwidth@=\dimen274
\lineht@=\dimen275
\@envbody=\toks36
\multlinegap=\skip58
\multlinetaggap=\skip59
\mathdisplay@stack=\toks37
LaTeX Info: Redefining \[ on input line 2859.
LaTeX Info: Redefining \] on input line 2860.
)
("C:\Program Files\MiKTeX 2.9\tex/latex/amscls\amsthm.sty"
Package: amsthm 2020/05/29 v2.20.6
\thm@style=\toks38
\thm@bodyfont=\toks39
\thm@headfont=\toks40
\thm@notefont=\toks41
\thm@headpunct=\toks42
\thm@preskip=\skip60
\thm@postskip=\skip61
\thm@headsep=\skip62
\dth@everypar=\toks43
)
\c@theorem=\count318
)
(C:\Users\Dell\AppData\Roaming\MiKTeX\2.9\tex/latex/beamer\beamerbasethemes.sty
))
(C:\Users\Dell\AppData\Roaming\MiKTeX\2.9\tex/latex/beamer\beamerthemedefault.s
ty
(C:\Users\Dell\AppData\Roaming\MiKTeX\2.9\tex/latex/beamer\beamerfontthemedefau
lt.sty)
(C:\Users\Dell\AppData\Roaming\MiKTeX\2.9\tex/latex/beamer\beamercolorthemedefa
ult.sty)
(C:\Users\Dell\AppData\Roaming\MiKTeX\2.9\tex/latex/beamer\beamerinnerthemedefa
ult.sty
\beamer@dima=\dimen276
\beamer@dimb=\dimen277
)
(C:\Users\Dell\AppData\Roaming\MiKTeX\2.9\tex/latex/beamer\beamerouterthemedefa
ult.sty)))
(C:\Users\Dell\AppData\Roaming\MiKTeX\2.9\tex/latex/ctex/engine\ctex-engine-xet
ex.def
File: ctex-engine-xetex.def 2020/08/23 v2.5.4 XeLaTeX adapter (CTEX)
 (C:\Users\Dell\AppData\Roaming\MiKTeX\2.9\tex/xelatex/xecjk\xeCJK.sty
Package: xeCJK 2020/08/23 v3.8.5 Typesetting CJK scripts with XeLaTeX

(C:\Users\Dell\AppData\Roaming\MiKTeX\2.9\tex/latex/l3packages/xtemplate\xtempl
ate.sty
Package: xtemplate 2020-05-15 L3 Experimental prototype document functions
\l__xtemplate_tmp_dim=\dimen278
\l__xtemplate_tmp_int=\count319
\l__xtemplate_tmp_muskip=\muskip18
\l__xtemplate_tmp_skip=\skip63
)
\l__xeCJK_tmp_int=\count320
\l__xeCJK_tmp_box=\box76
\l__xeCJK_tmp_dim=\dimen279
\l__xeCJK_tmp_skip=\skip64
\g__xeCJK_space_factor_int=\count321
\l__xeCJK_begin_int=\count322
\l__xeCJK_end_int=\count323
\c__xeCJK_CJK_class_int=\XeTeXcharclass1
\c__xeCJK_FullLeft_class_int=\XeTeXcharclass2
\c__xeCJK_FullRight_class_int=\XeTeXcharclass3
\c__xeCJK_HalfLeft_class_int=\XeTeXcharclass4
\c__xeCJK_HalfRight_class_int=\XeTeXcharclass5
\c__xeCJK_NormalSpace_class_int=\XeTeXcharclass6
\c__xeCJK_CM_class_int=\XeTeXcharclass7
\c__xeCJK_HangulJamo_class_int=\XeTeXcharclass8
\l__xeCJK_last_skip=\skip65
\g__xeCJK_node_int=\count324
\c__xeCJK_CJK_node_dim=\dimen280
\c__xeCJK_CJK-space_node_dim=\dimen281
\c__xeCJK_default_node_dim=\dimen282
\c__xeCJK_default-space_node_dim=\dimen283
\c__xeCJK_CJK-widow_node_dim=\dimen284
\c__xeCJK_normalspace_node_dim=\dimen285
\l__xeCJK_ccglue_skip=\skip66
\l__xeCJK_ecglue_skip=\skip67
\l__xeCJK_punct_kern_skip=\skip68
\l__xeCJK_last_penalty_int=\count325
\l__xeCJK_last_bound_dim=\dimen286
\l__xeCJK_last_kern_dim=\dimen287
\l__xeCJK_widow_penalty_int=\count326

Package xtemplate Info: Declaring object type 'xeCJK/punctuation' taking 0
(xtemplate)             argument(s) on line 2335.

\l__xeCJK_fixed_punct_width_dim=\dimen288
\l__xeCJK_mixed_punct_width_dim=\dimen289
\l__xeCJK_middle_punct_width_dim=\dimen290
\l__xeCJK_fixed_margin_width_dim=\dimen291
\l__xeCJK_mixed_margin_width_dim=\dimen292
\l__xeCJK_middle_margin_width_dim=\dimen293
\l__xeCJK_bound_punct_width_dim=\dimen294
\l__xeCJK_bound_margin_width_dim=\dimen295
\l__xeCJK_margin_minimum_dim=\dimen296
\l__xeCJK_kerning_total_width_dim=\dimen297
\l__xeCJK_same_align_margin_dim=\dimen298
\l__xeCJK_different_align_margin_dim=\dimen299
\l__xeCJK_kerning_margin_width_dim=\dimen300
\l__xeCJK_kerning_margin_minimum_dim=\dimen301
\l__xeCJK_bound_dim=\dimen302
\l__xeCJK_reverse_bound_dim=\dimen303
\l__xeCJK_margin_dim=\dimen304
\l__xeCJK_minimum_bound_dim=\dimen305
\l__xeCJK_kerning_margin_dim=\dimen306
\g__xeCJK_family_int=\count327
\l__xeCJK_fam_int=\count328
\g__xeCJK_fam_allocation_int=\count329
\l__xeCJK_verb_case_int=\count330
\l__xeCJK_verb_exspace_skip=\skip69
 ("C:\Program Files\MiKTeX 2.9\tex/latex/fontspec\fontspec.sty"
Package: fontspec 2020/02/21 v2.7i Font selection for XeLaTeX and LuaLaTeX

("C:\Program Files\MiKTeX 2.9\tex/latex/fontspec\fontspec-xetex.sty"
Package: fontspec-xetex 2020/02/21 v2.7i Font selection for XeLaTeX and LuaLaTe
X
\l__fontspec_script_int=\count331
\l__fontspec_language_int=\count332
\l__fontspec_strnum_int=\count333
\l__fontspec_tmp_int=\count334
\l__fontspec_tmpa_int=\count335
\l__fontspec_tmpb_int=\count336
\l__fontspec_tmpc_int=\count337
\l__fontspec_em_int=\count338
\l__fontspec_emdef_int=\count339
\l__fontspec_strong_int=\count340
\l__fontspec_strongdef_int=\count341
\l__fontspec_tmpa_dim=\dimen307
\l__fontspec_tmpb_dim=\dimen308
\l__fontspec_tmpc_dim=\dimen309

("C:\Program Files\MiKTeX 2.9\tex/latex/base\fontenc.sty"
Package: fontenc 2020/02/11 v2.0o Standard LaTeX package
)
("C:\Program Files\MiKTeX 2.9\tex/latex/fontspec\fontspec.cfg")))
(C:\Users\Dell\AppData\Roaming\MiKTeX\2.9\tex/xelatex/xecjk\xeCJK.cfg
File: xeCJK.cfg 2020/08/23 v3.8.5 Configuration file for xeCJK package
))
\ccwd=\dimen310
\l__ctex_ccglue_skip=\skip70
)
\l__ctex_ziju_dim=\dimen311

(C:\Users\Dell\AppData\Roaming\MiKTeX\2.9\tex/latex/zhnumber\zhnumber.sty
Package: zhnumber 2020/05/01 v2.8 Typesetting numbers with Chinese glyphs
\l__zhnum_scale_int=\count342

(C:\Users\Dell\AppData\Roaming\MiKTeX\2.9\tex/latex/zhnumber\zhnumber-utf8.cfg
File: zhnumber-utf8.cfg 2020/05/01 v2.8 Chinese numerals with UTF8 encoding
))
(C:\Users\Dell\AppData\Roaming\MiKTeX\2.9\tex/latex/ctex/scheme\ctex-scheme-chi
nese-beamer.def
File: ctex-scheme-chinese-beamer.def 2020/08/23 v2.5.4 Chinese scheme for beame
r (CTEX)

(C:\Users\Dell\AppData\Roaming\MiKTeX\2.9\tex/latex/ctex/config\ctex-name-utf8.
cfg
File: ctex-name-utf8.cfg 2020/08/23 v2.5.4 Caption with encoding UTF-8 (CTEX)
))
(C:\Users\Dell\AppData\Roaming\MiKTeX\2.9\tex/latex/ctex/fontset\ctex-fontset-w
indows.def
File: ctex-fontset-windows.def 2020/08/23 v2.5.4 Windows fonts definition (CTEX
)

Package fontspec Info: Could not resolve font "KaiTi/B" (it probably doesn't
(fontspec)             exist).


Package fontspec Info: Could not resolve font "SimHei/I" (it probably doesn't
(fontspec)             exist).


Package fontspec Info: Could not resolve font "SimSun/BI" (it probably doesn't
(fontspec)             exist).


Package fontspec Info: Font family 'SimSun(0)' created for font 'SimSun' with
(fontspec)             options
(fontspec)             [Script={CJK},BoldFont={SimHei},ItalicFont={KaiTi}].
(fontspec)              
(fontspec)              This font family consists of the following NFSS
(fontspec)             series/shapes:
(fontspec)              
(fontspec)             - 'normal' (m/n) with NFSS spec.:
(fontspec)             <->"SimSun/OT:script=hani;language=dflt;"
(fontspec)             - 'small caps'  (m/sc) with NFSS spec.: 
(fontspec)             - 'bold' (b/n) with NFSS spec.:
(fontspec)             <->"SimHei/OT:script=hani;language=dflt;"
(fontspec)             - 'bold small caps'  (b/sc) with NFSS spec.: 
(fontspec)             - 'italic' (m/it) with NFSS spec.:
(fontspec)             <->"KaiTi/OT:script=hani;language=dflt;"
(fontspec)             - 'italic small caps'  (m/scit) with NFSS spec.: 

))
(C:\Users\Dell\AppData\Roaming\MiKTeX\2.9\tex/latex/ctex/config\ctex.cfg
File: ctex.cfg 2020/08/23 v2.5.4 Configuration file (CTEX)
)
(C:\Users\Dell\AppData\Roaming\MiKTeX\2.9\tex/latex/beamer\beamerthemeMadrid.st
y
(C:\Users\Dell\AppData\Roaming\MiKTeX\2.9\tex/latex/beamer\beamercolorthemewhal
e.sty)
(C:\Users\Dell\AppData\Roaming\MiKTeX\2.9\tex/latex/beamer\beamercolorthemeorch
id.sty)
(C:\Users\Dell\AppData\Roaming\MiKTeX\2.9\tex/latex/beamer\beamerinnerthemeroun
ded.sty)
(C:\Users\Dell\AppData\Roaming\MiKTeX\2.9\tex/latex/beamer\beamerouterthemeinfo
lines.sty))
(C:\Users\Dell\AppData\Roaming\MiKTeX\2.9\tex/latex/setspace\setspace.sty
Package: setspace 2011/12/19 v6.7a set line spacing
)
(C:\Users\Dell\AppData\Roaming\MiKTeX\2.9\tex/latex/listings\listings.sty
\lst@mode=\count343
\lst@gtempboxa=\box77
\lst@token=\toks44
\lst@length=\count344
\lst@currlwidth=\dimen312
\lst@column=\count345
\lst@pos=\count346
\lst@lostspace=\dimen313
\lst@width=\dimen314
\lst@newlines=\count347
\lst@lineno=\count348
\lst@maxwidth=\dimen315

(C:\Users\Dell\AppData\Roaming\MiKTeX\2.9\tex/latex/listings\lstmisc.sty
File: lstmisc.sty 2020/03/24 1.8d (Carsten Heinz)
\c@lstnumber=\count349
\lst@skipnumbers=\count350
\lst@framebox=\box78
)
(C:\Users\Dell\AppData\Roaming\MiKTeX\2.9\tex/latex/listings\listings.cfg
File: listings.cfg 2020/03/24 1.8d listings configuration
))
Package: listings 2020/03/24 1.8d (Carsten Heinz)

(C:\Users\Dell\AppData\Roaming\MiKTeX\2.9\tex/xelatex/xecjk\xeCJK-listings.sty
Package: xeCJK-listings 2020/08/23 v3.8.5 xeCJK patch file for listings
\l__xeCJK_listings_max_char_int=\count351
\l__xeCJK_listings_flag_int=\count352
) (C:\Users\Dell\AppData\Roaming\MiKTeX\2.9\tex/latex/listings\lstlang1.sty
File: lstlang1.sty 2020/03/24 1.8d listings language file
)
(C:\Users\Dell\AppData\Roaming\MiKTeX\2.9\tex/latex/listings\lstlang1.sty
File: lstlang1.sty 2020/03/24 1.8d listings language file
)
(C:\Users\Dell\AppData\Roaming\MiKTeX\2.9\tex/latex/listings\lstmisc.sty
File: lstmisc.sty 2020/03/24 1.8d (Carsten Heinz)
)
(C:\Users\Dell\AppData\Roaming\MiKTeX\2.9\tex/latex/pgf/frontendlayer\tikz.sty
(C:\Users\Dell\AppData\Roaming\MiKTeX\2.9\tex/latex/pgf/basiclayer\pgf.sty
Package: pgf 2020/01/08 v3.1.5b (3.1.5b)

(C:\Users\Dell\AppData\Roaming\MiKTeX\2.9\tex/generic/pgf/modules\pgfmoduleshap
es.code.tex
File: pgfmoduleshapes.code.tex 2020/01/08 v3.1.5b (3.1.5b)
\pgfnodeparttextbox=\box79
)
(C:\Users\Dell\AppData\Roaming\MiKTeX\2.9\tex/generic/pgf/modules\pgfmoduleplot
.code.tex
File: pgfmoduleplot.code.tex 2020/01/08 v3.1.5b (3.1.5b)
)
(C:\Users\Dell\AppData\Roaming\MiKTeX\2.9\tex/latex/pgf/compatibility\pgfcomp-v
ersion-0-65.sty
Package: pgfcomp-version-0-65 2020/01/08 v3.1.5b (3.1.5b)
\pgf@nodesepstart=\dimen316
\pgf@nodesepend=\dimen317
)
(C:\Users\Dell\AppData\Roaming\MiKTeX\2.9\tex/latex/pgf/compatibility\pgfcomp-v
ersion-1-18.sty
Package: pgfcomp-version-1-18 2020/01/08 v3.1.5b (3.1.5b)
))
(C:\Users\Dell\AppData\Roaming\MiKTeX\2.9\tex/latex/pgf/utilities\pgffor.sty
(C:\Users\Dell\AppData\Roaming\MiKTeX\2.9\tex/latex/pgf/utilities\pgfkeys.sty
(C:\Users\Dell\AppData\Roaming\MiKTeX\2.9\tex/generic/pgf/utilities\pgfkeys.cod
e.tex))
(C:\Users\Dell\AppData\Roaming\MiKTeX\2.9\tex/latex/pgf/math\pgfmath.sty
(C:\Users\Dell\AppData\Roaming\MiKTeX\2.9\tex/generic/pgf/math\pgfmath.code.tex
))
(C:\Users\Dell\AppData\Roaming\MiKTeX\2.9\tex/generic/pgf/utilities\pgffor.code
.tex
Package: pgffor 2020/01/08 v3.1.5b (3.1.5b)

(C:\Users\Dell\AppData\Roaming\MiKTeX\2.9\tex/generic/pgf/math\pgfmath.code.tex
)
\pgffor@iter=\dimen318
\pgffor@skip=\dimen319
\pgffor@stack=\toks45
\pgffor@toks=\toks46
))
(C:\Users\Dell\AppData\Roaming\MiKTeX\2.9\tex/generic/pgf/frontendlayer/tikz\ti
kz.code.tex
Package: tikz 2020/01/08 v3.1.5b (3.1.5b)

(C:\Users\Dell\AppData\Roaming\MiKTeX\2.9\tex/generic/pgf/libraries\pgflibraryp
lothandlers.code.tex
File: pgflibraryplothandlers.code.tex 2020/01/08 v3.1.5b (3.1.5b)
\pgf@plot@mark@count=\count353
\pgfplotmarksize=\dimen320
)
\tikz@lastx=\dimen321
\tikz@lasty=\dimen322
\tikz@lastxsaved=\dimen323
\tikz@lastysaved=\dimen324
\tikz@lastmovetox=\dimen325
\tikz@lastmovetoy=\dimen326
\tikzleveldistance=\dimen327
\tikzsiblingdistance=\dimen328
\tikz@figbox=\box80
\tikz@figbox@bg=\box81
\tikz@tempbox=\box82
\tikz@tempbox@bg=\box83
\tikztreelevel=\count354
\tikznumberofchildren=\count355
\tikznumberofcurrentchild=\count356
\tikz@fig@count=\count357

(C:\Users\Dell\AppData\Roaming\MiKTeX\2.9\tex/generic/pgf/modules\pgfmodulematr
ix.code.tex
File: pgfmodulematrix.code.tex 2020/01/08 v3.1.5b (3.1.5b)
\pgfmatrixcurrentrow=\count358
\pgfmatrixcurrentcolumn=\count359
\pgf@matrix@numberofcolumns=\count360
)
\tikz@expandcount=\count361

(C:\Users\Dell\AppData\Roaming\MiKTeX\2.9\tex/generic/pgf/frontendlayer/tikz/li
braries\tikzlibrarytopaths.code.tex
File: tikzlibrarytopaths.code.tex 2020/01/08 v3.1.5b (3.1.5b)
)))
(C:\Users\Dell\AppData\Roaming\MiKTeX\2.9\tex/latex/tikz-layers\tikz-layers.sty
Package: tikz-layers 2018/02/15 v0.9 Installs basic layers via TikZ

(C:\Users\Dell\AppData\Roaming\MiKTeX\2.9\tex/generic/pgf/frontendlayer/tikz/li
braries\tikzlibrarybackgrounds.code.tex
File: tikzlibrarybackgrounds.code.tex 2020/01/08 v3.1.5b (3.1.5b)
\pgf@layerbox@background=\box84
\pgf@layerboxsaved@background=\box85
)
\pgf@layerbox@behind=\box86
\pgf@layerboxsaved@behind=\box87
\pgf@layerbox@above=\box88
\pgf@layerboxsaved@above=\box89
\pgf@layerbox@glass=\box90
\pgf@layerboxsaved@glass=\box91
)

Package fontspec Info: Could not resolve font "Microsoft YaHei Bold/I" (it
(fontspec)             probably doesn't exist).


Package fontspec Info: Could not resolve font "Microsoft YaHei/I" (it probably
(fontspec)             doesn't exist).


Package fontspec Info: Font family 'MicrosoftYaHei(0)' created for font
(fontspec)             'Microsoft YaHei' with options
(fontspec)             [Script={CJK},BoldFont={* Bold}].
(fontspec)              
(fontspec)              This font family consists of the following NFSS
(fontspec)             series/shapes:
(fontspec)              
(fontspec)             - 'normal' (m/n) with NFSS spec.: <->"Microsoft
(fontspec)             YaHei/OT:script=hani;language=dflt;"
(fontspec)             - 'small caps'  (m/sc) with NFSS spec.: 
(fontspec)             - 'bold' (b/n) with NFSS spec.: <->"Microsoft YaHei
(fontspec)             Bold/OT:script=hani;language=dflt;"
(fontspec)             - 'bold small caps'  (b/sc) with NFSS spec.: 
(fontspec)             - 'bold italic' (b/it) with NFSS spec.: <->"Microsoft
(fontspec)             YaHei/BI/OT:script=hani;language=dflt;"
(fontspec)             - 'bold italic small caps'  (b/scit) with NFSS spec.: 

 (Chapter7.aux)
\openout1 = `Chapter7.aux'.

LaTeX Font Info:    Checking defaults for OML/cmm/m/it on input line 92.
LaTeX Font Info:    ... okay on input line 92.
LaTeX Font Info:    Checking defaults for OMS/cmsy/m/n on input line 92.
LaTeX Font Info:    ... okay on input line 92.
LaTeX Font Info:    Checking defaults for OT1/cmr/m/n on input line 92.
LaTeX Font Info:    ... okay on input line 92.
LaTeX Font Info:    Checking defaults for T1/cmr/m/n on input line 92.
LaTeX Font Info:    ... okay on input line 92.
LaTeX Font Info:    Checking defaults for TS1/cmr/m/n on input line 92.
LaTeX Font Info:    ... okay on input line 92.
LaTeX Font Info:    Checking defaults for TU/lmr/m/n on input line 92.
LaTeX Font Info:    ... okay on input line 92.
LaTeX Font Info:    Checking defaults for OMX/cmex/m/n on input line 92.
LaTeX Font Info:    ... okay on input line 92.
LaTeX Font Info:    Checking defaults for U/cmr/m/n on input line 92.
LaTeX Font Info:    ... okay on input line 92.
LaTeX Font Info:    Checking defaults for PD1/pdf/m/n on input line 92.
LaTeX Font Info:    ... okay on input line 92.
LaTeX Font Info:    Checking defaults for PU/pdf/m/n on input line 92.
LaTeX Font Info:    ... okay on input line 92.

ABD: EverySelectfont initializing macros
LaTeX Info: Redefining \selectfont on input line 92.

*geometry* detected driver: pdftex
*geometry* verbose mode - [ preamble ] result:
* driver: pdftex
* paper: custom
* layout: <same size as paper>
* layoutoffset:(h,v)=(0.0pt,0.0pt)
* modes: includehead includefoot 
* h-part:(L,W,R)=(10.0pt, 435.24408pt, 10.0pt)
* v-part:(T,H,B)=(0.0pt, 256.0748pt, 0.0pt)
* \paperwidth=455.24408pt
* \paperheight=256.0748pt
* \textwidth=435.24408pt
* \textheight=227.62207pt
* \oddsidemargin=-62.26999pt
* \evensidemargin=-62.26999pt
* \topmargin=-72.26999pt
* \headheight=14.22636pt
* \headsep=0.0pt
* \topskip=10.0pt
* \footskip=14.22636pt
* \marginparwidth=3.0pt
* \marginparsep=11.0pt
* \columnsep=10.0pt
* \skip\footins=9.0pt plus 4.0pt minus 2.0pt
* \hoffset=0.0pt
* \voffset=0.0pt
* \mag=1000
* \@twocolumnfalse
* \@twosidefalse
* \@mparswitchfalse
* \@reversemarginfalse
* (1in=72.27pt=25.4mm, 1cm=28.453pt)

ABD: EveryShipout initializing macros
\AtBeginShipoutBox=\box92
Package hyperref Info: Link coloring OFF on input line 92.

("C:\Program Files\MiKTeX 2.9\tex/latex/hyperref\nameref.sty"
Package: nameref 2019/09/16 v2.46 Cross-referencing by name of section

(C:\Users\Dell\AppData\Roaming\MiKTeX\2.9\tex/latex/refcount\refcount.sty
Package: refcount 2019/12/15 v3.6 Data extraction from label references (HO)
)
(C:\Users\Dell\AppData\Roaming\MiKTeX\2.9\tex/generic/gettitlestring\gettitlest
ring.sty
Package: gettitlestring 2019/12/15 v1.6 Cleanup title references (HO)
)
\c@section@level=\count362
)
LaTeX Info: Redefining \ref on input line 92.
LaTeX Info: Redefining \pageref on input line 92.
LaTeX Info: Redefining \nameref on input line 92.
 (Chapter7.out) (Chapter7.out)
\@outlinefile=\write5
\openout5 = `Chapter7.out'.

LaTeX Font Info:    Overwriting symbol font `operators' in version `normal'
(Font)                  OT1/cmr/m/n --> OT1/cmss/m/n on input line 92.
LaTeX Font Info:    Overwriting symbol font `operators' in version `bold'
(Font)                  OT1/cmr/bx/n --> OT1/cmss/b/n on input line 92.
\symnumbers=\mathgroup6
\sympureletters=\mathgroup7
LaTeX Font Info:    Overwriting math alphabet `\mathrm' in version `normal'
(Font)                  OT1/cmss/m/n --> TU/lmr/m/n on input line 92.
LaTeX Font Info:    Redeclaring math alphabet \mathbf on input line 92.
LaTeX Font Info:    Overwriting math alphabet `\mathbf' in version `normal'
(Font)                  OT1/cmr/bx/n --> TU/lmss/b/n on input line 92.
LaTeX Font Info:    Overwriting math alphabet `\mathbf' in version `bold'
(Font)                  OT1/cmr/bx/n --> TU/lmss/b/n on input line 92.
LaTeX Font Info:    Redeclaring math alphabet \mathsf on input line 92.
LaTeX Font Info:    Overwriting math alphabet `\mathsf' in version `normal'
(Font)                  OT1/cmss/m/n --> TU/lmss/m/n on input line 92.
LaTeX Font Info:    Overwriting math alphabet `\mathsf' in version `bold'
(Font)                  OT1/cmss/bx/n --> TU/lmss/m/n on input line 92.
LaTeX Font Info:    Redeclaring math alphabet \mathit on input line 92.
LaTeX Font Info:    Overwriting math alphabet `\mathit' in version `normal'
(Font)                  OT1/cmr/m/it --> TU/lmss/m/it on input line 92.
LaTeX Font Info:    Overwriting math alphabet `\mathit' in version `bold'
(Font)                  OT1/cmr/bx/it --> TU/lmss/m/it on input line 92.
LaTeX Font Info:    Redeclaring math alphabet \mathtt on input line 92.
LaTeX Font Info:    Overwriting math alphabet `\mathtt' in version `normal'
(Font)                  OT1/cmtt/m/n --> TU/lmtt/m/n on input line 92.
LaTeX Font Info:    Overwriting math alphabet `\mathtt' in version `bold'
(Font)                  OT1/cmtt/m/n --> TU/lmtt/m/n on input line 92.
LaTeX Font Info:    Overwriting symbol font `numbers' in version `bold'
(Font)                  TU/lmss/m/n --> TU/lmss/b/n on input line 92.
LaTeX Font Info:    Overwriting symbol font `pureletters' in version `bold'
(Font)                  TU/lmss/m/it --> TU/lmss/b/it on input line 92.
LaTeX Font Info:    Overwriting math alphabet `\mathrm' in version `bold'
(Font)                  OT1/cmss/b/n --> TU/lmr/b/n on input line 92.
LaTeX Font Info:    Overwriting math alphabet `\mathbf' in version `bold'
(Font)                  TU/lmss/b/n --> TU/lmss/b/n on input line 92.
LaTeX Font Info:    Overwriting math alphabet `\mathsf' in version `bold'
(Font)                  TU/lmss/m/n --> TU/lmss/b/n on input line 92.
LaTeX Font Info:    Overwriting math alphabet `\mathit' in version `bold'
(Font)                  TU/lmss/m/it --> TU/lmss/b/it on input line 92.
LaTeX Font Info:    Overwriting math alphabet `\mathtt' in version `bold'
(Font)                  TU/lmtt/m/n --> TU/lmtt/b/n on input line 92.

(C:\Users\Dell\AppData\Roaming\MiKTeX\2.9\tex/latex/translator\translator-basic
-dictionary-English.dict
Dictionary: translator-basic-dictionary, Language: English 
)
(C:\Users\Dell\AppData\Roaming\MiKTeX\2.9\tex/latex/translator\translator-bibli
ography-dictionary-English.dict
Dictionary: translator-bibliography-dictionary, Language: English 
)
(C:\Users\Dell\AppData\Roaming\MiKTeX\2.9\tex/latex/translator\translator-envir
onment-dictionary-English.dict
Dictionary: translator-environment-dictionary, Language: English 
)
(C:\Users\Dell\AppData\Roaming\MiKTeX\2.9\tex/latex/translator\translator-month
s-dictionary-English.dict
Dictionary: translator-months-dictionary, Language: English 
)
(C:\Users\Dell\AppData\Roaming\MiKTeX\2.9\tex/latex/translator\translator-numbe
rs-dictionary-English.dict
Dictionary: translator-numbers-dictionary, Language: English 
)
(C:\Users\Dell\AppData\Roaming\MiKTeX\2.9\tex/latex/translator\translator-theor
em-dictionary-English.dict
Dictionary: translator-theorem-dictionary, Language: English 
)
(C:\Users\Dell\AppData\Roaming\MiKTeX\2.9\tex/latex/ctex/dictionary\translator-
theorem-dictionary-ChineseUTF8.dict
Dictionary: translator-theorem-dictionary, Language: ChineseUTF8 2020/08/23 v2.
5.4 Chinese translation for theorem name (CTEX)
)

Package fontspec Info: Adjusting the maths setup (use [no-math] to avoid
(fontspec)             this).

\symlegacymaths=\mathgroup8
LaTeX Font Info:    Overwriting symbol font `legacymaths' in version `bold'
(Font)                  OT1/cmr/m/n --> OT1/cmr/bx/n on input line 92.
LaTeX Font Info:    Redeclaring math accent \acute on input line 92.
LaTeX Font Info:    Redeclaring math accent \grave on input line 92.
LaTeX Font Info:    Redeclaring math accent \ddot on input line 92.
LaTeX Font Info:    Redeclaring math accent \tilde on input line 92.
LaTeX Font Info:    Redeclaring math accent \bar on input line 92.
LaTeX Font Info:    Redeclaring math accent \breve on input line 92.
LaTeX Font Info:    Redeclaring math accent \check on input line 92.
LaTeX Font Info:    Redeclaring math accent \hat on input line 92.
LaTeX Font Info:    Redeclaring math accent \dot on input line 92.
LaTeX Font Info:    Redeclaring math accent \mathring on input line 92.
LaTeX Font Info:    Redeclaring math symbol \Gamma on input line 92.
LaTeX Font Info:    Redeclaring math symbol \Delta on input line 92.
LaTeX Font Info:    Redeclaring math symbol \Theta on input line 92.
LaTeX Font Info:    Redeclaring math symbol \Lambda on input line 92.
LaTeX Font Info:    Redeclaring math symbol \Xi on input line 92.
LaTeX Font Info:    Redeclaring math symbol \Pi on input line 92.
LaTeX Font Info:    Redeclaring math symbol \Sigma on input line 92.
LaTeX Font Info:    Redeclaring math symbol \Upsilon on input line 92.
LaTeX Font Info:    Redeclaring math symbol \Phi on input line 92.
LaTeX Font Info:    Redeclaring math symbol \Psi on input line 92.
LaTeX Font Info:    Redeclaring math symbol \Omega on input line 92.
LaTeX Font Info:    Redeclaring math symbol \mathdollar on input line 92.
LaTeX Font Info:    Redeclaring symbol font `operators' on input line 92.
LaTeX Font Info:    Encoding `OT1' has changed to `TU' for symbol font
(Font)              `operators' in the math version `normal' on input line 92.
LaTeX Font Info:    Overwriting symbol font `operators' in version `normal'
(Font)                  OT1/cmss/m/n --> TU/lmr/m/n on input line 92.
LaTeX Font Info:    Encoding `OT1' has changed to `TU' for symbol font
(Font)              `operators' in the math version `bold' on input line 92.
LaTeX Font Info:    Overwriting symbol font `operators' in version `bold'
(Font)                  OT1/cmss/b/n --> TU/lmr/m/n on input line 92.
LaTeX Font Info:    Overwriting symbol font `operators' in version `normal'
(Font)                  TU/lmr/m/n --> TU/lmr/m/n on input line 92.
LaTeX Font Info:    Redeclaring math alphabet \mathrm on input line 92.
LaTeX Font Info:    Overwriting math alphabet `\mathit' in version `normal'
(Font)                  TU/lmss/m/it --> TU/lmr/m/it on input line 92.
LaTeX Font Info:    Overwriting math alphabet `\mathbf' in version `normal'
(Font)                  TU/lmss/b/n --> TU/lmr/b/n on input line 92.
LaTeX Font Info:    Overwriting math alphabet `\mathsf' in version `normal'
(Font)                  TU/lmss/m/n --> TU/lmss/m/n on input line 92.
LaTeX Font Info:    Overwriting math alphabet `\mathtt' in version `normal'
(Font)                  TU/lmtt/m/n --> TU/lmtt/m/n on input line 92.
LaTeX Font Info:    Overwriting symbol font `operators' in version `bold'
(Font)                  TU/lmr/m/n --> TU/lmr/b/n on input line 92.
LaTeX Font Info:    Overwriting math alphabet `\mathit' in version `bold'
(Font)                  TU/lmss/b/it --> TU/lmr/b/it on input line 92.
LaTeX Font Info:    Overwriting math alphabet `\mathsf' in version `bold'
(Font)                  TU/lmss/b/n --> TU/lmss/b/n on input line 92.
LaTeX Font Info:    Overwriting math alphabet `\mathtt' in version `bold'
(Font)                  TU/lmtt/b/n --> TU/lmtt/b/n on input line 92.
\c@lstlisting=\count363
 (Chapter7.nav) [1

]
\openout4 = `Chapter7.vrb'.

 (Chapter7.vrb
File: .jpg Graphic file (type bmp)
<.jpg>
) [2

]
(Chapter7.vrb
File: .jpg Graphic file (type bmp)
<.jpg>
) [3

] (Chapter7.vrb
File: .jpg Graphic file (type bmp)
<.jpg>
) [4

] (Chapter7.toc) [5

]
\openout4 = `Chapter7.vrb'.

 (Chapter7.vrb)
[6

] (s1.tex
\openout4 = `Chapter7.vrb'.

 (Chapter7.vrb

Package fontspec Info: Could not resolve font "FangSong/BI" (it probably
(fontspec)             doesn't exist).


Package fontspec Info: Could not resolve font "FangSong/B" (it probably
(fontspec)             doesn't exist).


Package fontspec Info: Could not resolve font "FangSong/I" (it probably
(fontspec)             doesn't exist).


Package fontspec Info: Font family 'FangSong(0)' created for font 'FangSong'
(fontspec)             with options [Script={CJK}].
(fontspec)              
(fontspec)              This font family consists of the following NFSS
(fontspec)             series/shapes:
(fontspec)              
(fontspec)             - 'normal' (m/n) with NFSS spec.:
(fontspec)             <->"FangSong/OT:script=hani;language=dflt;"
(fontspec)             - 'small caps'  (m/sc) with NFSS spec.: 

) [7

] (Chapter7.vrb) [8

] (Chapter7.vrb) [9

]
(Chapter7.vrb) [10

] (Chapter7.vrb) [11

]
\openout4 = `Chapter7.vrb'.

 (Chapter7.vrb
LaTeX Font Info:    Trying to load font information for U+msa on input line 41.


("C:\Program Files\MiKTeX 2.9\tex/latex/amsfonts\umsa.fd"
File: umsa.fd 2013/01/14 v3.01 AMS symbols A
)
LaTeX Font Info:    Trying to load font information for U+msb on input line 41.


("C:\Program Files\MiKTeX 2.9\tex/latex/amsfonts\umsb.fd"
File: umsb.fd 2013/01/14 v3.01 AMS symbols B
)
LaTeX Font Info:    Font shape `TU/lmss/m/it' in size <9> not available
(Font)              Font shape `TU/lmss/m/sl' tried instead on input line 41.
LaTeX Font Info:    Font shape `TU/lmss/m/it' in size <6> not available
(Font)              Font shape `TU/lmss/m/sl' tried instead on input line 41.
LaTeX Font Info:    Font shape `TU/lmss/m/it' in size <5> not available
(Font)              Font shape `TU/lmss/m/sl' tried instead on input line 41.
)
Overfull \vbox (1.71568pt too high) detected at line 109
 []

[12

] (Chapter7.vrb)
Overfull \vbox (1.71568pt too high) detected at line 109
 []

[13

] (Chapter7.vrb)
Overfull \vbox (1.71568pt too high) detected at line 109
 []

[14

]
\openout4 = `Chapter7.vrb'.

 (Chapter7.vrb) [15

] (Chapter7.vrb) [16

] (Chapter7.vrb) [17

] (Chapter7.vrb) [18

]
\openout4 = `Chapter7.vrb'.

 (Chapter7.vrb) [19

] (Chapter7.vrb) [20

] (Chapter7.vrb) [21

] (Chapter7.vrb) [22

] (Chapter7.vrb) [23

]
\openout4 = `Chapter7.vrb'.

 (Chapter7.vrb) [24

]
\openout4 = `Chapter7.vrb'.

 (Chapter7.vrb)
Overfull \vbox (13.88824pt too high) detected at line 276
 []

[25

] (Chapter7.vrb)
Overfull \vbox (13.88824pt too high) detected at line 276
 []

[26

] (Chapter7.vrb)
Overfull \vbox (13.88824pt too high) detected at line 276
 []

[27

]
\openout4 = `Chapter7.vrb'.

 (Chapter7.vrb) [28

] (Chapter7.vrb) [29

] (Chapter7.vrb) [30

]
\openout4 = `Chapter7.vrb'.

 (Chapter7.vrb) [31

] (Chapter7.vrb) [32

] (Chapter7.vrb)
Overfull \vbox (4.19977pt too high) detected at line 364
 []

[33

]
\openout4 = `Chapter7.vrb'.

 (Chapter7.vrb) [34

]
\openout4 = `Chapter7.vrb'.

 (Chapter7.vrb) [35

] (Chapter7.vrb) [36

] (Chapter7.vrb) [37

]
\openout4 = `Chapter7.vrb'.

 (Chapter7.vrb) [38

] (Chapter7.vrb) [39

]
\openout4 = `Chapter7.vrb'.

 (Chapter7.vrb)
Overfull \vbox (2.29709pt too high) detected at line 547
 []

[40

] (Chapter7.vrb)
Overfull \vbox (2.29709pt too high) detected at line 547
 []

[41

] (Chapter7.vrb)
Overfull \vbox (2.29709pt too high) detected at line 547
 []

[42

] (Chapter7.vrb)
Overfull \vbox (2.29709pt too high) detected at line 547
 []

[43

]
\openout4 = `Chapter7.vrb'.

 (Chapter7.vrb) [44

] (Chapter7.vrb) [45

]
\openout4 = `Chapter7.vrb'.

 (Chapter7.vrb) [46

] (Chapter7.vrb) [47

]
\openout4 = `Chapter7.vrb'.

 (Chapter7.vrb) [48

] (Chapter7.vrb) [49

] (Chapter7.vrb) [50

]
\openout4 = `Chapter7.vrb'.

 (Chapter7.vrb) [51

] (Chapter7.vrb) [52

] (Chapter7.vrb) [53

]
\openout4 = `Chapter7.vrb'.

 (Chapter7.vrb) [54

]
(Chapter7.vrb) [55

] (Chapter7.vrb) [56

] (Chapter7.vrb) [57

]) (s2.tex)
\tf@nav=\write6
\openout6 = `Chapter7.nav'.

\tf@toc=\write7
\openout7 = `Chapter7.toc'.

\tf@snm=\write8
\openout8 = `Chapter7.snm'.

Package atveryend Info: Empty hook `BeforeClearDocument' on input line 180.
Package atveryend Info: Empty hook `AfterLastShipout' on input line 180.

(Chapter7.aux)
Package atveryend Info: Empty hook `AtVeryEndDocument' on input line 180.
Package atveryend Info: Executing hook `AtEndAfterFileList' on input line 180.
Package rerunfilecheck Info: File `Chapter7.out' has not changed.
(rerunfilecheck)             Checksum: 266C9002FFB035A17116673C30C21AC1;613.
 ) 
Here is how much of TeX's memory you used:
 32030 strings out of 414448
 669068 string characters out of 2905421
 1158371 words of memory out of 3000000
 48527 multiletter control sequences out of 15000+200000
 541189 words of font info for 91 fonts, out of 3000000 for 9000
 1348 hyphenation exceptions out of 8191
 81i,12n,74p,808b,1794s stack positions out of 5000i,500n,10000p,200000b,50000s

Output written on Chapter7.pdf (57 pages).
